<?xml version="1.0" encoding="UTF-8"?>
<!-- Generated by org.testng.reporters.JUnitReportReporter -->
<testsuite hostname="DESKTOP-HQV51JQ" failures="0" tests="18" name="testCases.SriLanka" time="154.745" errors="0" timestamp="2024-03-29T14:57:09 IST" skipped="0">
  <testcase classname="testCases.SriLanka" name="applicationLogin" time="22.650"/>
  <system-out/>
  <testcase classname="testCases.SriLanka" name="signupDetails" time="6.259"/>
  <system-out/>
  <testcase classname="testCases.SriLanka" name="verifyOtp" time="9.553"/>
  <system-out/>
  <testcase classname="testCases.SriLanka" name="addSEVehicle" time="25.511"/>
  <system-out/>
  <testcase classname="testCases.SriLanka" name="SerideDetails" time="8.640"/>
  <system-out/>
  <testcase classname="testCases.SriLanka" name="SemyRides" time="3.627"/>
  <system-out/>
  <testcase classname="testCases.SriLanka" name="Seknowyourbike" time="8.231"/>
  <system-out/>
  <testcase classname="testCases.SriLanka" name="Sesettings" time="10.265"/>
  <system-out/>
  <testcase classname="testCases.SriLanka" name="SelastParkLocation" time="6.648"/>
  <system-out/>
  <testcase classname="testCases.SriLanka" name="SehowToVideos" time="3.938"/>
  <system-out/>
  <testcase classname="testCases.SriLanka" name="addReBike" time="8.290"/>
  <system-out/>
  <testcase classname="testCases.SriLanka" name="reridedetails" time="8.443"/>
  <system-out/>
  <testcase classname="testCases.SriLanka" name="remyrides" time="3.184"/>
  <system-out/>
  <testcase classname="testCases.SriLanka" name="reknowyourbike" time="7.688"/>
  <system-out/>
  <testcase classname="testCases.SriLanka" name="resettings" time="9.321"/>
  <system-out/>
  <testcase classname="testCases.SriLanka" name="lastparkedlocation" time="5.093"/>
  <system-out/>
  <testcase classname="testCases.SriLanka" name="howtovideos" time="3.361"/>
  <system-out/>
  <testcase classname="testCases.SriLanka" name="addiQube" time="4.043"/>
  <system-out/>
</testsuite> <!-- testCases.SriLanka -->
